# JRE version: OpenJDK Runtime Environment Microsoft-12574459 (21.0.9+10) (build 21.0.9+10-LTS)
# Java VM: OpenJDK 64-Bit Server VM Microsoft-12574459 (21.0.9+10-LTS, mixed mode, sharing, tiered, compressed oops, compressed class ptrs, g1 gc, windows-amd64)
GC Precious Log:
 CardTable entry size: 512
 Card Set container configuration: InlinePtr #cards 4 size 8 Array Of Cards #cards 16 size 48 Howl #buckets 8 coarsen threshold 3686 Howl Bitmap #cards 512 size 80 coarsen threshold 460 Card regions per heap region 1 cards per card region 4096
 CPUs: 6 total, 6 available
 Memory: 16336M
 Large Page Support: Disabled
 NUMA Support: Disabled
 Compressed Oops: Enabled (Zero based)
 Heap Region Size: 2M
 Heap Min Capacity: 8M
 Heap Initial Capacity: 256M
 Heap Max Capacity: 4086M
 Pre-touch: Disabled
 Parallel Workers: 6
 Concurrent Workers: 2
 Concurrent Refinement Workers: 6
 Periodic GC: Disabled
Heap:
 garbage-first heap   total 141312K, used 84597K [0x0000000700a00000, 0x0000000800000000)
  region size 2048K, 19 young (38912K), 3 survivors (6144K)
 Metaspace       used 112170K, committed 113152K, reserved 1179648K
  class space    used 15148K, committed 15616K, reserved 1048576K
GC Heap History (20 events):
Event: 5.329 GC heap before
{Heap before GC invocations=14 (full 0):
 garbage-first heap   total 55296K, used 46710K [0x0000000700a00000, 0x0000000800000000)
  region size 2048K, 12 young (24576K), 2 survivors (4096K)
 Metaspace       used 40300K, committed 40768K, reserved 1114112K
  class space    used 5040K, committed 5248K, reserved 1048576K
}
Event: 5.334 GC heap after
{Heap after GC invocations=15 (full 0):
 garbage-first heap   total 55296K, used 26204K [0x0000000700a00000, 0x0000000800000000)
  region size 2048K, 2 young (4096K), 2 survivors (4096K)
 Metaspace       used 40300K, committed 40768K, reserved 1114112K
  class space    used 5040K, committed 5248K, reserved 1048576K
}
Event: 5.724 GC heap before
{Heap before GC invocations=15 (full 0):
 garbage-first heap   total 55296K, used 48732K [0x0000000700a00000, 0x0000000800000000)
  region size 2048K, 13 young (26624K), 2 survivors (4096K)
 Metaspace       used 43558K, committed 44096K, reserved 1114112K
  class space    used 5438K, committed 5696K, reserved 1048576K
}
Event: 5.731 GC heap after
{Heap after GC invocations=16 (full 0):
 garbage-first heap   total 159744K, used 27784K [0x0000000700a00000, 0x0000000800000000)
  region size 2048K, 1 young (2048K), 1 survivors (2048K)
 Metaspace       used 43558K, committed 44096K, reserved 1114112K
  class space    used 5438K, committed 5696K, reserved 1048576K
}
Event: 7.555 GC heap before
{Heap before GC invocations=16 (full 0):
 garbage-first heap   total 159744K, used 115848K [0x0000000700a00000, 0x0000000800000000)
  region size 2048K, 45 young (92160K), 1 survivors (2048K)
 Metaspace       used 59469K, committed 60096K, reserved 1114112K
  class space    used 7710K, committed 8000K, reserved 1048576K
}
Event: 7.562 GC heap after
{Heap after GC invocations=17 (full 0):
 garbage-first heap   total 159744K, used 32960K [0x0000000700a00000, 0x0000000800000000)
  region size 2048K, 4 young (8192K), 4 survivors (8192K)
 Metaspace       used 59469K, committed 60096K, reserved 1114112K
  class space    used 7710K, committed 8000K, reserved 1048576K
}
Event: 8.709 GC heap before
{Heap before GC invocations=18 (full 0):
 garbage-first heap   total 116736K, used 94400K [0x0000000700a00000, 0x0000000800000000)
  region size 2048K, 34 young (69632K), 4 survivors (8192K)
 Metaspace       used 69945K, committed 70656K, reserved 1114112K
  class space    used 9266K, committed 9600K, reserved 1048576K
}
Event: 8.715 GC heap after
{Heap after GC invocations=19 (full 0):
 garbage-first heap   total 116736K, used 35167K [0x0000000700a00000, 0x0000000800000000)
  region size 2048K, 4 young (8192K), 4 survivors (8192K)
 Metaspace       used 69945K, committed 70656K, reserved 1114112K
  class space    used 9266K, committed 9600K, reserved 1048576K
}
Event: 9.683 GC heap before
{Heap before GC invocations=19 (full 0):
 garbage-first heap   total 116736K, used 96607K [0x0000000700a00000, 0x0000000800000000)
  region size 2048K, 34 young (69632K), 4 survivors (8192K)
 Metaspace       used 79525K, committed 80192K, reserved 1179648K
  class space    used 10760K, committed 11072K, reserved 1048576K
}
Event: 9.696 GC heap after
{Heap after GC invocations=20 (full 0):
 garbage-first heap   total 116736K, used 38404K [0x0000000700a00000, 0x0000000800000000)
  region size 2048K, 4 young (8192K), 4 survivors (8192K)
 Metaspace       used 79525K, committed 80192K, reserved 1179648K
  class space    used 10760K, committed 11072K, reserved 1048576K
}
Event: 10.107 GC heap before
{Heap before GC invocations=20 (full 0):
 garbage-first heap   total 116736K, used 97796K [0x0000000700a00000, 0x0000000800000000)
  region size 2048K, 34 young (69632K), 4 survivors (8192K)
 Metaspace       used 82164K, committed 82816K, reserved 1179648K
  class space    used 11225K, committed 11520K, reserved 1048576K
}
Event: 10.117 GC heap after
{Heap after GC invocations=21 (full 0):
 garbage-first heap   total 116736K, used 44069K [0x0000000700a00000, 0x0000000800000000)
  region size 2048K, 5 young (10240K), 5 survivors (10240K)
 Metaspace       used 82164K, committed 82816K, reserved 1179648K
  class space    used 11225K, committed 11520K, reserved 1048576K
}
Event: 11.218 GC heap before
{Heap before GC invocations=21 (full 0):
 garbage-first heap   total 116736K, used 101413K [0x0000000700a00000, 0x0000000800000000)
  region size 2048K, 33 young (67584K), 5 survivors (10240K)
 Metaspace       used 88667K, committed 89408K, reserved 1179648K
  class space    used 12151K, committed 12480K, reserved 1048576K
}
Event: 11.226 GC heap after
{Heap after GC invocations=22 (full 0):
 garbage-first heap   total 141312K, used 43162K [0x0000000700a00000, 0x0000000800000000)
  region size 2048K, 2 young (4096K), 2 survivors (4096K)
 Metaspace       used 88667K, committed 89408K, reserved 1179648K
  class space    used 12151K, committed 12480K, reserved 1048576K
}
Event: 13.389 GC heap before
{Heap before GC invocations=22 (full 0):
 garbage-first heap   total 141312K, used 123034K [0x0000000700a00000, 0x0000000800000000)
  region size 2048K, 41 young (83968K), 2 survivors (4096K)
 Metaspace       used 98876K, committed 99712K, reserved 1179648K
  class space    used 13518K, committed 13888K, reserved 1048576K
}
Event: 13.398 GC heap after
{Heap after GC invocations=23 (full 0):
 garbage-first heap   total 141312K, used 49924K [0x0000000700a00000, 0x0000000800000000)
  region size 2048K, 6 young (12288K), 6 survivors (12288K)
 Metaspace       used 98876K, committed 99712K, reserved 1179648K
  class space    used 13518K, committed 13888K, reserved 1048576K
}
Event: 13.505 GC heap before
{Heap before GC invocations=23 (full 0):
 garbage-first heap   total 141312K, used 56068K [0x0000000700a00000, 0x0000000800000000)
  region size 2048K, 10 young (20480K), 6 survivors (12288K)
 Metaspace       used 99669K, committed 100480K, reserved 1179648K
  class space    used 13630K, committed 14016K, reserved 1048576K
}
Event: 13.511 GC heap after
{Heap after GC invocations=24 (full 0):
 garbage-first heap   total 141312K, used 50546K [0x0000000700a00000, 0x0000000800000000)
  region size 2048K, 1 young (2048K), 1 survivors (2048K)
 Metaspace       used 99669K, committed 100480K, reserved 1179648K
  class space    used 13630K, committed 14016K, reserved 1048576K
}
Event: 51.499 GC heap before
{Heap before GC invocations=25 (full 0):
 garbage-first heap   total 141312K, used 120178K [0x0000000700a00000, 0x0000000800000000)
  region size 2048K, 36 young (73728K), 1 survivors (2048K)
 Metaspace       used 111266K, committed 112128K, reserved 1179648K
  class space    used 15084K, committed 15488K, reserved 1048576K
}
Event: 51.504 GC heap after
{Heap after GC invocations=26 (full 0):
 garbage-first heap   total 141312K, used 53877K [0x0000000700a00000, 0x0000000800000000)
  region size 2048K, 3 young (6144K), 3 survivors (6144K)
 Metaspace       used 111266K, committed 112128K, reserved 1179648K
  class space    used 15084K, committed 15488K, reserved 1048576K
}

